"../../../Engine/Content/EngineMaterials/T_Default_Material_Grid_N.uasset" 0
"../../../Engine/Content/EngineMaterials/T_Default_Material_Grid_M.uasset" 1
"../../../Engine/Content/Functions/Engine_MaterialFunctions01/Opacity/CameraDepthFade.uasset" 2
"../../../Engine/Content/EngineMaterials/WorldGridMaterial.uasset" 3
"../../../Engine/Content/ArtTools/RenderToTexture/Meshes/S_1_Unit_Plane.uasset" 4
"../../../Engine/Content/EngineMaterials/DefaultMaterial.uasset" 5
"../../../Engine/Content/BasicShapes/Cone.uasset" 6
"../../../Engine/Content/BasicShapes/Plane.uasset" 7
"../../../Engine/Content/BasicShapes/Sphere.uasset" 8
"../../../Engine/Content/EditorLandscapeResources/DataLayer.uasset" 9
"../../../Engine/Content/EditorLandscapeResources/DefaultAlphaTexture.uasset" 10
"../../../Engine/Content/EditorMaterials/MAT_Groups_Toggle.uasset" 11
"../../../Engine/Content/EditorMaterials/MAT_Groups_Visibility.uasset" 12
"../../../Engine/Content/EditorMaterials/PreviewShadowIndicator.uasset" 13
"../../../Engine/Content/EditorMaterials/PreviewShadowIndicatorMaterial.uasset" 14
"../../../Engine/Content/EditorMaterials/MatineeGroups/MAT_ColorTrack.uasset" 15
"../../../Engine/Content/EditorMaterials/MatineeGroups/MAT_Groups_Anim.uasset" 16
"../../../Engine/Content/EditorMaterials/MatineeGroups/MAT_Groups_AudioMaster.uasset" 17
"../../../Engine/Content/EditorMaterials/MatineeGroups/MAT_Groups_Director.uasset" 18
"../../../Engine/Content/EditorMaterials/MatineeGroups/MAT_Groups_Event.uasset" 19
"../../../Engine/Content/EditorMaterials/MatineeGroups/MAT_Groups_Fade.uasset" 20
"../../../Engine/Content/EditorMaterials/MatineeGroups/MAT_Groups_Float.uasset" 21
"../../../Engine/Content/EditorMaterials/MatineeGroups/MAT_Groups_Move.uasset" 22
"../../../Engine/Content/EditorMaterials/MatineeGroups/MAT_Groups_Slomo.uasset" 23
"../../../Engine/Content/EditorMaterials/MatineeGroups/MAT_Groups_Sound.uasset" 24
"../../../Engine/Content/EditorMaterials/MatineeGroups/MAT_Groups_Vector.uasset" 25
"../../../Engine/Content/EditorMaterials/ParticleSystems/PSysThumbnail_NoImage.uasset" 26
"../../../Engine/Content/EditorMaterials/ParticleSystems/PSysThumbnail_OOD.uasset" 27
"../../../Engine/Content/EditorMaterials/Camera/CineMat.uasset" 28
"../../../Engine/Content/EditorMaterials/Camera/MI_CineMat_Rig.uasset" 29
"../../../Engine/Content/EditorMeshes/Camera/SM_CraneRig_Arm.uasset" 30
"../../../Engine/Content/EditorMeshes/Camera/SM_CraneRig_Base.uasset" 31
"../../../Engine/Content/EditorMeshes/Camera/SM_CraneRig_Body.uasset" 32
"../../../Engine/Content/EditorMeshes/Camera/SM_CraneRig_Mount.uasset" 33
"../../../Engine/Content/EditorMeshes/Camera/SM_RailRig_Mount.uasset" 34
"../../../Engine/Content/EditorMeshes/Camera/SM_RailRig_Track.uasset" 35
"../../../Engine/Content/EditorResources/BSPVertex.uasset" 36
"../../../Engine/Content/EditorResources/EmptyActor.uasset" 37
"../../../Engine/Content/EditorResources/S_Actor.uasset" 38
"../../../Engine/Content/EditorResources/S_Note.uasset" 39
"../../../Engine/Content/EditorResources/S_Solver.uasset" 40
"../../../Engine/Content/EditorResources/S_Terrain.uasset" 41
"../../../Engine/Content/EditorResources/S_Trigger.uasset" 42
"../../../Engine/Content/EditorResources/LightIcons/S_LightError.uasset" 43
"../../../Engine/Content/EditorResources/SequenceRecorder/Countdown.uasset" 44
"../../../Engine/Content/EditorResources/SequenceRecorder/RecordingIndicator.uasset" 45
"../../../Engine/Content/EngineDamageTypes/DmgTypeBP_Environmental.uasset" 46
"../../../Engine/Content/EngineDebugMaterials/DebugEditorMaterial.uasset" 47
"../../../Engine/Content/EngineDebugMaterials/DebugMeshMaterial.uasset" 48
"../../../Engine/Content/EngineDebugMaterials/M_SimpleUnlitTranslucent.uasset" 49
"../../../Engine/Content/EngineDebugMaterials/VolumeToRender.uasset" 50
"../../../Engine/Content/Functions/Engine_MaterialFunctions02/Utility/CameraDirectionVector.uasset" 51
"../../../Engine/Content/EngineDebugMaterials/M_VolumeRenderSphereTracePP.uasset" 52
"../../../Engine/Content/Functions/Engine_MaterialFunctions01/Shading/ConvertFromDiffSpec.uasset" 53
"../../../Engine/Content/EngineDebugMaterials/VertexColorMaterial.uasset" 54
"../../../Engine/Content/EngineDebugMaterials/WireframeMaterial.uasset" 55
"../../../Engine/Content/EngineFonts/Faces/RobotoRegular.uasset" 56
"../../../Engine/Content/EngineFonts/Faces/RobotoLight.uasset" 57
"../../../Engine/Content/EngineFonts/Faces/RobotoItalic.uasset" 58
"../../../Engine/Content/EngineFonts/Faces/RobotoBoldItalic.uasset" 59
"../../../Engine/Content/EngineFonts/Faces/RobotoBold.uasset" 60
"../../../Engine/Content/EngineFonts/Faces/DroidSansFallback.uasset" 61
"../../../Engine/Content/EngineFonts/Roboto.uasset" 62
"../../../Engine/Content/EngineMaterials/BaseFlattenNormalMap.uasset" 63
"../../../Engine/Content/EngineMaterials/BaseFlattenGrayscaleMap.uasset" 64
"../../../Engine/Content/EngineMaterials/BaseFlattenEmissiveMap.uasset" 65
"../../../Engine/Content/EngineMaterials/BaseFlattenDiffuseMap.uasset" 66
"../../../Engine/Content/EngineMaterials/BaseFlattenMaterial.uasset" 67
"../../../Engine/Content/EngineMaterials/BlueNoise.uasset" 68
"../../../Engine/Content/EngineMaterials/DefaultBloomKernel.uasset" 69
"../../../Engine/Content/EngineMaterials/DefaultBokeh.uasset" 70
"../../../Engine/Content/EngineMaterials/DefaultDiffuse.uasset" 71
"../../../Engine/Content/EngineMaterials/DefaultDeferredDecalMaterial.uasset" 72
"../../../Engine/Content/EngineMaterials/DefaultLightFunctionMaterial.uasset" 73
"../../../Engine/Content/EngineMaterials/DefaultPhysicalMaterial.uasset" 74
"../../../Engine/Content/Functions/Engine_MaterialFunctions02/Utility/BreakOutFloat2Components.uasset" 75
"../../../Engine/Content/EngineMaterials/DefaultPostProcessMaterial.uasset" 76
"../../../Engine/Content/EngineFonts/RobotoDistanceField.uasset" 77
"../../../Engine/Content/EngineMaterials/DefaultTextMaterialOpaque.uasset" 78
"../../../Engine/Content/EngineMaterials/DefaultWhiteGrid.uasset" 79
"../../../Engine/Content/EngineMaterials/DefaultWhiteGrid_Low.uasset" 80
"../../../Engine/Content/EngineMaterials/EmissiveMeshMaterial.uasset" 81
"../../../Engine/Content/EngineMaterials/GizmoMaterial.uasset" 82
"../../../Engine/Content/EngineMaterials/Good64x64TilingNoiseHighFreq.uasset" 83
"../../../Engine/Content/EngineMaterials/MiniFont.uasset" 84
"../../../Engine/Content/EngineMaterials/InvalidLightmapSettings.uasset" 85
"../../../Engine/Content/EngineMaterials/M_InvalidLightmapSettings.uasset" 86
"../../../Engine/Content/Functions/Engine_MaterialFunctions02/WorldPositionOffset/CameraOffset.uasset" 87
"../../../Engine/Content/EngineMaterials/PhAT_JointLimitMaterial.uasset" 88
"../../../Engine/Content/EngineMaterials/PreintegratedSkinBRDF.uasset" 89
"../../../Engine/Content/EngineMaterials/RemoveSurfaceMaterial.uasset" 90
"../../../Engine/Content/EngineMaterials/WeightMapPlaceholderTexture.uasset" 91
"../../../Engine/Content/EngineResources/WhiteSquareTexture.uasset" 92
"../../../Engine/Content/EngineMaterials/Widget3DPassThrough.uasset" 93
"../../../Engine/Content/EngineMaterials/Widget3DPassThrough_Masked.uasset" 94
"../../../Engine/Content/EngineMaterials/Widget3DPassThrough_Opaque.uasset" 95
"../../../Engine/Content/EngineMaterials/Widget3DPassThrough_Masked_OneSided.uasset" 96
"../../../Engine/Content/EngineMaterials/Widget3DPassThrough_Opaque_OneSided.uasset" 97
"../../../Engine/Content/EngineMaterials/Widget3DPassThrough_Translucent.uasset" 98
"../../../Engine/Content/EngineMaterials/Widget3DPassThrough_Translucent_OneSided.uasset" 99
"../../../Engine/Content/EngineMeshes/Cylinder.uasset" 100
"../../../Engine/Content/EngineMeshes/Sphere.uasset" 101
"../../../Engine/Content/EngineResources/DefaultTextureCube.uasset" 102
"../../../Engine/Content/EngineResources/DefaultVolumeTexture2D.uasset" 103
"../../../Engine/Content/EngineResources/DefaultVolumeTexture.uasset" 104
"../../../Engine/Content/EngineResources/GradientTexture0.uasset" 105
"../../../Engine/Content/EngineSky/VolumetricClouds/T_NoiseShape64.uasset" 106
"../../../Engine/Content/EngineSky/VolumetricClouds/T_VolumeNoiseShape64.uasset" 107
"../../../Engine/Content/EngineSky/VolumetricClouds/T_NoiseErosion.uasset" 108
"../../../Engine/Content/EngineSky/VolumetricClouds/T_VolumeNoiseErosion32.uasset" 109
"../../../Engine/Content/EngineSky/VolumetricClouds/CloudWeatherTexture.uasset" 110
"../../../Engine/Content/EngineSky/VolumetricClouds/CloudGradientTexture.uasset" 111
"../../../Engine/Content/Functions/Engine_MaterialFunctions02/Utility/MakeFloat2.uasset" 112
"../../../Engine/Content/EngineSky/VolumetricClouds/m_SimpleVolumetricCloud.uasset" 113
"../../../Engine/Content/EngineSky/VolumetricClouds/m_SimpleVolumetricCloud_Inst.uasset" 114
"../../../Engine/Content/EngineSounds/Master.uasset" 115
"../../../Engine/Content/Functions/Engine_MaterialFunctions01/Shading/PowerToRoughness.uasset" 116
"../../../Engine/Content/Maps/Templates/Thumbnails/Default.uasset" 117
"../../../Engine/Content/Maps/Templates/Thumbnails/TimeOfDay.uasset" 118
"../../../Engine/Content/Maps/Templates/Thumbnails/VR-Basic.uasset" 119
"../../../Engine/Content/MobileResources/T_MobileControls_texture.uasset" 120
"../../../Engine/Content/MobileResources/T_MobileMenu2.uasset" 121
"../../../Engine/Content/MobileResources/HUD/AnalogHat.uasset" 122
"../../../Engine/Content/MobileResources/HUD/VirtualJoystick_Thumb.uasset" 123
"../../../Engine/Content/MobileResources/HUD/VirtualJoystick_Background.uasset" 124
"../../../Engine/Content/MobileResources/HUD/DefaultVirtualJoysticks.uasset" 125
"../../../Engine/Content/MobileResources/HUD/LeftVirtualJoystickOnly.uasset" 126
"../../../Engine/Content/MobileResources/HUD/MobileHUDButton1_off.uasset" 127
"../../../Engine/Content/MobileResources/HUD/MobileHUDButton1_on.uasset" 128
"../../../Engine/Content/MobileResources/HUD/MobileHUDButton2_off.uasset" 129
"../../../Engine/Content/MobileResources/HUD/MobileHUDButton2_on.uasset" 130
"../../../Engine/Content/MobileResources/HUD/MobileHUDButton3.uasset" 131
"../../../Engine/Content/MobileResources/HUD/MobileHUDButtonFire.uasset" 132
"../../../Engine/Content/MobileResources/HUD/MobileHUDDirectionPad.uasset" 133
"../../../Engine/Content/MobileResources/HUD/MobileHUDDirectionPad2.uasset" 134
"../../../Engine/Content/MobileResources/HUD/MobileHUDDirectionPad3.uasset" 135
"../../../Engine/Content/MobileResources/HUD/MobileHUDDirectionStick.uasset" 136
"../../../Engine/Content/MobileResources/HUD/T_Castle_ThumbstickInner.uasset" 137
"../../../Engine/Content/MobileResources/HUD/T_Castle_ThumbstickOutter.uasset" 138
"../../../Engine/Content/Tutorial/ContentIntroCurve.uasset" 139
"../../../Engine/Content/Tutorial/Basics/LevelEditorAttract.uasset" 140
"../../../Engine/Content/VREditor/TransformGizmo/TranslucentTransformGizmoMaterial.uasset" 141
"../../../Engine/Content/VREditor/LaserPointer/VR_LaserPower_01.uasset" 142
"../../../Engine/Content/VREditor/TransformGizmo/TransformGizmoMaterial.uasset" 143
"../../../Engine/Content/VREditor/TransformGizmo/BoundingBoxCorner.uasset" 144
"../../../Engine/Content/VREditor/TransformGizmo/BoundingBoxEdge.uasset" 145
"../../../Engine/Content/VREditor/TransformGizmo/PlaneTranslationHandle.uasset" 146
"../../../Engine/Content/VREditor/TransformGizmo/Xray.uasset" 147
"../../../Engine/Content/VREditor/TransformGizmo/Main.uasset" 148
"../../../Engine/Content/VREditor/TransformGizmo/SM_Sequencer_Key.uasset" 149
"../../../Engine/Content/VREditor/TransformGizmo/SM_Sequencer_Node.uasset" 150
"../../Plugins/2D/Paper2D/Content/PlaceholderTextures/DummySpriteTexture.uasset" 151
"../../Plugins/2D/Paper2D/Content/DummySprite.uasset" 152
"../../Plugins/2D/Paper2D/Content/DefaultPaperTerrainMaterial.uasset" 153
"../../Plugins/2D/Paper2D/Content/DefaultSpriteMaterial.uasset" 154
"../../Plugins/2D/Paper2D/Content/MaskedUnlitSpriteMaterial.uasset" 155
"../../Plugins/2D/Paper2D/Content/OpaqueUnlitSpriteMaterial.uasset" 156
"../../../Engine/Content/Functions/Engine_MaterialFunctions02/Utility/BreakOutFloat3Components.uasset" 157
"../../Plugins/Editor/SpeedTreeImporter/Content/SpeedTree9/UnpackInteger3.uasset" 158
"../../Plugins/Editor/SpeedTreeImporter/Content/SpeedTree9/UnpackDirection.uasset" 159
"../../Plugins/Editor/SpeedTreeImporter/Content/SpeedTree9/game_wind_noise.uasset" 160
"../../../Engine/Content/Functions/Engine_MaterialFunctions02/SafeNormalize.uasset" 161
"../../Plugins/Editor/SpeedTreeImporter/Content/SpeedTree9/SpeedTreeWindMotion.uasset" 162
"../../Plugins/Editor/SpeedTreeImporter/Content/SpeedTree9/SpeedTreeBranchMotion.uasset" 163
"../../../Engine/Content/Functions/Engine_MaterialFunctions02/ObjectLocalBounds.uasset" 164
"../../../Engine/Content/Functions/Engine_MaterialFunctions02/UVs/BoundingBoxBased_0-1_UVW.uasset" 165
"../../Plugins/Editor/SpeedTreeImporter/Content/SpeedTree9/SpeedTreeWind.uasset" 166
"../../Plugins/Editor/SpeedTreeImporter/Content/SpeedTree9/SpeedTreeBillboard.uasset" 167
"../../../Engine/Content/EngineResources/DefaultTexture.uasset" 168
"../../Plugins/Editor/SpeedTreeImporter/Content/SpeedTree9/SpeedTreeBillboardMaster.uasset" 169
"../../Plugins/Editor/SpeedTreeImporter/Content/SpeedTree9/SpeedTreeCameraFacing.uasset" 170
"../../Plugins/Editor/SpeedTreeImporter/Content/SpeedTree9/SpeedTreeMaster.uasset" 171
"../../../Engine/Content/BasicShapes/Cylinder.uasset" 172
"../../../Engine/Content/ArtTools/RenderToTexture/Materials/Debug/M_Emissive_Color.uasset" 173
"../../Plugins/Lumin/MagicLeapPassableWorld/Content/MagicLeapARPinInfoActor.uasset" 174
"../../../Engine/Content/Functions/Engine_MaterialFunctions02/Utility/MakeFloat3.uasset" 175
"../../../Engine/Content/Functions/Engine_MaterialFunctions02/Utility/BreakOutFloat4Components.uasset" 176
"../../Plugins/Runtime/Oculus/OculusVR/Content/Materials/OculusMR_ChromaKey.uasset" 177
"../../Plugins/Runtime/Oculus/OculusVR/Content/Materials/OculusMR_OpaqueColoredMaterial.uasset" 178
"../../Plugins/Runtime/Oculus/OculusVR/Content/Materials/PokeAHoleMaterial.uasset" 179
"E:/UnrealProjects/FinalProject/Content/Geometry/Meshes/CubeMaterial.uasset" 180
"E:/UnrealProjects/FinalProject/Content/Geometry/Meshes/TemplateFloor.uasset" 181
"E:/UnrealProjects/FinalProject/Content/FinalProject/Curves/TraslationCurve2Sec.uasset" 182
"E:/UnrealProjects/FinalProject/Content/Infinity_Blade_Assets/Textures/T_MonkStatue_01_N.uasset" 183
"E:/UnrealProjects/FinalProject/Content/Infinity_Blade_Assets/Textures/T_MonkStatue_01_M.uasset" 184
"E:/UnrealProjects/FinalProject/Content/Infinity_Blade_Assets/Textures/T_MonkStatue_01_D.uasset" 185
"E:/UnrealProjects/FinalProject/Content/Infinity_Blade_Assets/Textures/T_MonkRef_01_R.uasset" 186
"../../../Engine/Content/Functions/Engine_MaterialFunctions02/Utility/CustomReflectionVector.uasset" 187
"E:/UnrealProjects/FinalProject/Content/Infinity_Blade_Assets/Materials/M_MonkStatue_01.uasset" 188
"E:/UnrealProjects/FinalProject/Content/Infinity_Blade_Assets/Meshes/Props/SM_MonkStatue_01.uasset" 189
"E:/UnrealProjects/FinalProject/Content/Luos8Elements/StaticMeshes/Light/SM_4E_LightSwirl_01.uasset" 190
"E:/UnrealProjects/FinalProject/Content/Luos8Elements/StaticMeshes/Light/SM_4E_LightSpike_01.uasset" 191
"E:/UnrealProjects/FinalProject/Content/Luos8Elements/StaticMeshes/Light/SM_4E_LightRing_01.uasset" 192
"E:/UnrealProjects/FinalProject/Content/Luos8Elements/Textures/Light/T_4E_LightSpark_01.uasset" 193
"E:/UnrealProjects/FinalProject/Content/Luos8Elements/Mat_Functions/Luos_UV_Distorter.uasset" 194
"E:/UnrealProjects/FinalProject/Content/Luos8Elements/Textures/Normals/T_Norm_22_N.uasset" 195
"../../../Engine/Content/Functions/Engine_MaterialFunctions02/Utility/Sine_Remapped.uasset" 196
"E:/UnrealProjects/FinalProject/Content/Luos8Elements/Mat_Functions/Luos_TimeSine.uasset" 197
"E:/UnrealProjects/FinalProject/Content/Luos8Elements/Mat_Functions/Lu_RadialGradient.uasset" 198
"E:/UnrealProjects/FinalProject/Content/Luos8Elements/Textures/Light/T_4E_Light_Rainbow_01.uasset" 199
"E:/UnrealProjects/FinalProject/Content/Luos8Elements/Materials/MPCs/MPC_VFX_ColorCtrl.uasset" 200
"../../../Engine/Content/Functions/Engine_MaterialFunctions02/HueShift.uasset" 201
"E:/UnrealProjects/FinalProject/Content/Luos8Elements/Mat_Functions/Luos_VFX_SatHueEmissive.uasset" 202
"E:/UnrealProjects/FinalProject/Content/Luos8Elements/Materials/Light/M_4e_LightSpark_01.uasset" 203
"E:/UnrealProjects/FinalProject/Content/Luos8Elements/Materials/Light/MI_4E_LightSpark_01_Star.uasset" 204
"E:/UnrealProjects/FinalProject/Content/Luos8Elements/Materials/Light/MI_4E_LightSpark_01_Ray.uasset" 205
"E:/UnrealProjects/FinalProject/Content/Luos8Elements/Materials/Light/MI_4E_LightSpark_01_Dot.uasset" 206
"E:/UnrealProjects/FinalProject/Content/Luos8Elements/Materials/Light/MI_4E_LightSpark_01_Spark.uasset" 207
"E:/UnrealProjects/FinalProject/Content/Luos8Elements/Materials/Light/MII_4E_LightSpark_01_Spark_2s.uasset" 208
"E:/UnrealProjects/FinalProject/Content/Luos8Elements/Materials/Generic/M_4E_Invissi_01.uasset" 209
"E:/UnrealProjects/FinalProject/Content/Luos8Elements/Particles/Light/Par_4E_Light_Explosion_01.uasset" 210
"E:/UnrealProjects/FinalProject/Content/Luos8Elements/Particles/VectorFields/VF_BlackPulse_01.uasset" 211
"E:/UnrealProjects/FinalProject/Content/Luos8Elements/Textures/Fire/T_LMagic_Smoke_9x9_01.uasset" 212
"E:/UnrealProjects/FinalProject/Content/Luos8Elements/Materials/Fire/M_LMagic_Fire_UV_9x9.uasset" 213
"E:/UnrealProjects/FinalProject/Content/Luos8Elements/Materials/Fire/MI_LMagic_Fire_UV_9x9_1c.uasset" 214
"E:/UnrealProjects/FinalProject/Content/Luos8Elements/Materials/Fire/MI_LMagic_Fire_UV_9x9_1a.uasset" 215
"../../../Engine/Content/Functions/Engine_MaterialFunctions01/Gradient/SphereGradient-2D.uasset" 216
"E:/UnrealProjects/FinalProject/Content/Luos8Elements/Materials/Generic/M_4E_TinyDot_01.uasset" 217
"E:/UnrealProjects/FinalProject/Content/Luos8Elements/Materials/Generic/Instances/MI_tinyDot_2.uasset" 218
"E:/UnrealProjects/FinalProject/Content/Luos8Elements/Materials/Generic/Instances/MI_tinyDot_01_Black.uasset" 219
"E:/UnrealProjects/FinalProject/Content/Luos8Elements/Materials/Fire/MI_LMagic_Fire_UV_9x9_1c_DARK.uasset" 220
"E:/UnrealProjects/FinalProject/Content/Luos8Elements/Particles/Fire/Par_LMagic_Fire_Explosion.uasset" 221
"E:/UnrealProjects/FinalProject/Content/Luos8Elements/StaticMeshes/Earth/SM_LMagic_Earth_Shard_03.uasset" 222
"E:/UnrealProjects/FinalProject/Content/Luos8Elements/Textures/Fire/T_LMagic_Fire_11x11_01.uasset" 223
"E:/UnrealProjects/FinalProject/Content/Luos8Elements/Textures/Gradients/T_LMagic_Clouds_Masks_01.uasset" 224
"E:/UnrealProjects/FinalProject/Content/Luos8Elements/Materials/Generic/M_LMagic_subUVSetup_01.uasset" 225
"E:/UnrealProjects/FinalProject/Content/Luos8Elements/Materials/Fire/MI_LMagic_Fire_UV_11x11.uasset" 226
"E:/UnrealProjects/FinalProject/Content/Luos8Elements/Materials/Fire/M_LMagic_Firecore_01.uasset" 227
"../../../Engine/Content/Functions/Engine_MaterialFunctions02/Math/MultiplyAdd.uasset" 228
"E:/UnrealProjects/FinalProject/Content/Luos8Elements/Materials/Fire/M_LMagic_Fire_Ribbon_01.uasset" 229
"E:/UnrealProjects/FinalProject/Content/Luos8Elements/Particles/Fire/Par_LMagic_Fire_Atk_01.uasset" 230
"E:/UnrealProjects/FinalProject/Content/FinalProject/Blueprints/Projectiles/BP_FireProjectile.uasset" 231
"E:/UnrealProjects/FinalProject/Content/FinalProject/Blueprints/Projectiles/BP_MonkProjectileLauncher.uasset" 232
"E:/UnrealProjects/FinalProject/Content/Infinity_Blade_Assets/Textures/T_Spear01_N.uasset" 233
"E:/UnrealProjects/FinalProject/Content/Infinity_Blade_Assets/Textures/T_Spear01_D.uasset" 234
"E:/UnrealProjects/FinalProject/Content/Infinity_Blade_Assets/Materials/M_Spear01.uasset" 235
"E:/UnrealProjects/FinalProject/Content/Infinity_Blade_Assets/Meshes/Props/SM_Spear01.uasset" 236
"E:/UnrealProjects/FinalProject/Content/StarterContent/Textures/T_Metal_Gold_D.uasset" 237
"E:/UnrealProjects/FinalProject/Content/StarterContent/Textures/T_Metal_Gold_N.uasset" 238
"E:/UnrealProjects/FinalProject/Content/StarterContent/Textures/T_MacroVariation.uasset" 239
"E:/UnrealProjects/FinalProject/Content/StarterContent/Materials/M_Metal_Gold.uasset" 240
"E:/UnrealProjects/FinalProject/Content/FinalProject/Blueprints/Pickups/BP_SunSpear.uasset" 241
"E:/UnrealProjects/FinalProject/Content/FinalProject/Images/UI/E-key.uasset" 242
"E:/UnrealProjects/FinalProject/Content/FinalProject/Blueprints/UI/BP_HUD_Widget.uasset" 243
"E:/UnrealProjects/FinalProject/Content/FinalProject/Blueprints/UI/BP_HUD.uasset" 244
"E:/UnrealProjects/FinalProject/Content/FinalProject/Blueprints/Core/BP_ExamenFinalGameMode.uasset" 245
"E:/UnrealProjects/FinalProject/Content/InfinityBladeEffects/Effects/FX_Textures/Gradient/T_SoftFallOff.uasset" 246
"../../../Engine/Content/EngineResources/Black.uasset" 247
"E:/UnrealProjects/FinalProject/Content/InfinityBladeEffects/Effects/Masters/M_Add_Sprite_Master_DepthFade.uasset" 248
"E:/UnrealProjects/FinalProject/Content/InfinityBladeEffects/Effects/FX_Materials/Gradient/M_Flare_03_INST.uasset" 249
"E:/UnrealProjects/FinalProject/Content/InfinityBladeEffects/Effects/FX_Treasure/Chest/P_TreasureChest_CallOut_loop_Tier1.uasset" 250
"E:/UnrealProjects/FinalProject/Content/Infinity_Blade_Assets/Textures/T_Gold_Chest_N.uasset" 251
"E:/UnrealProjects/FinalProject/Content/Infinity_Blade_Assets/Textures/T_Gold_Chest_D.uasset" 252
"E:/UnrealProjects/FinalProject/Content/Infinity_Blade_Assets/Materials/M_TreasureGold.uasset" 253
"E:/UnrealProjects/FinalProject/Content/Infinity_Blade_Assets/Meshes/Props/TreasureGoldTop.uasset" 254
"E:/UnrealProjects/FinalProject/Content/Infinity_Blade_Assets/Meshes/Props/TreasureGoldBase.uasset" 255
"E:/UnrealProjects/FinalProject/Content/Infinity_Blade_Assets/Textures/T_Potions.uasset" 256
"E:/UnrealProjects/FinalProject/Content/Infinity_Blade_Assets/Materials/M_Potions.uasset" 257
"E:/UnrealProjects/FinalProject/Content/Infinity_Blade_Assets/Meshes/Props/SM_PotionHealth.uasset" 258
"E:/UnrealProjects/FinalProject/Content/FinalProject/Blueprints/Pickups/BP_HealthPotionItem.uasset" 259
"E:/UnrealProjects/FinalProject/Content/FinalProject/Curves/RotationCurve.uasset" 260
"E:/UnrealProjects/FinalProject/Content/FinalProject/Blueprints/Chests/BP_Chest.uasset" 261
"E:/UnrealProjects/FinalProject/Content/StarterContent/Textures/T_Perlin_Noise_M.uasset" 262
"E:/UnrealProjects/FinalProject/Content/StarterContent/Textures/T_Brick_Clay_Old_N.uasset" 263
"E:/UnrealProjects/FinalProject/Content/StarterContent/Textures/T_Brick_Clay_Old_D.uasset" 264
"E:/UnrealProjects/FinalProject/Content/StarterContent/Materials/M_Brick_Clay_Old.uasset" 265
"E:/UnrealProjects/FinalProject/Content/FinalProject/Curves/CeilTrapCurve.uasset" 266
"E:/UnrealProjects/FinalProject/Content/Infinity_Blade_Assets/Materials/M_Spear01_noNormals.uasset" 267
"E:/UnrealProjects/FinalProject/Content/FinalProject/Meshes/TrapCeilMesh.uasset" 268
"E:/UnrealProjects/FinalProject/Content/FinalProject/Blueprints/Activables/BP_TrapCeil.uasset" 269
"E:/UnrealProjects/FinalProject/Content/InfinityBladeEffects/Environments/Plains/Env_Plains_Ruins/Textures/T_Plains_Ruins_FloorStones_N.uasset" 270
"E:/UnrealProjects/FinalProject/Content/InfinityBladeEffects/Environments/Plains/Env_Plains_Ruins/Textures/T_Plains_Ruins_FloorStones_D.uasset" 271
"E:/UnrealProjects/FinalProject/Content/InfinityBladeEffects/Environments/Plains/Env_Plains_Ruins/Materials/M_PLains_FloorStone.uasset" 272
"E:/UnrealProjects/FinalProject/Content/FinalProject/Curves/PressureTrigger.uasset" 273
"E:/UnrealProjects/FinalProject/Content/StarterContent/Materials/M_Basic_Wall.uasset" 274
"E:/UnrealProjects/FinalProject/Content/StarterContent/Shapes/Shape_Cube.uasset" 275
"E:/UnrealProjects/FinalProject/Content/FinalProject/Blueprints/Activables/BP_PressureTrigger.uasset" 276
"E:/UnrealProjects/FinalProject/Content/StarterContent/Shapes/Shape_Cylinder.uasset" 277
"E:/UnrealProjects/FinalProject/Content/StarterContent/Shapes/Shape_Tube.uasset" 278
"E:/UnrealProjects/FinalProject/Content/StarterContent/Textures/T_Rock_Smooth_Granite_D.uasset" 279
"E:/UnrealProjects/FinalProject/Content/StarterContent/Textures/T_Gradinet_01.uasset" 280
"E:/UnrealProjects/FinalProject/Content/StarterContent/Textures/T_CobbleStone_Rough_N.uasset" 281
"E:/UnrealProjects/FinalProject/Content/StarterContent/Textures/T_CobbleStone_Rough_D.uasset" 282
"E:/UnrealProjects/FinalProject/Content/StarterContent/Materials/M_CobbleStone_Rough.uasset" 283
"E:/UnrealProjects/FinalProject/Content/FinalProject/Blueprints/Activables/BP_Pedestal.uasset" 284
"E:/UnrealProjects/FinalProject/Content/Geometry/Meshes/1M_Cube.uasset" 285
"E:/UnrealProjects/FinalProject/Content/ThirdPersonCPP/Maps/ThirdPersonExampleMap_BuiltData.uasset" 286
"E:/UnrealProjects/FinalProject/Content/InfinityBladeWeapons/Weapons/Blade/Swords/Blade_DragonSword/T_Blade_DragonSword2_N.uasset" 287
"E:/UnrealProjects/FinalProject/Content/InfinityBladeWeapons/Weapons/Blade/Swords/Blade_DragonSword/T_Blade_DragonSword2_M.uasset" 288
"E:/UnrealProjects/FinalProject/Content/InfinityBladeWeapons/Weapons/Blade/Swords/Blade_DragonSword/T_Blade_DragonSword2_D.uasset" 289
"E:/UnrealProjects/FinalProject/Content/InfinityBladeWeapons/Weapons/Blade/Swords/Blade_DragonSword/T_Blade_DragonSword1_N.uasset" 290
"E:/UnrealProjects/FinalProject/Content/InfinityBladeWeapons/Weapons/Blade/Swords/Blade_DragonSword/T_Blade_DragonSword1_M.uasset" 291
"E:/UnrealProjects/FinalProject/Content/InfinityBladeWeapons/Weapons/Blade/Swords/Blade_DragonSword/T_Blade_DragonSword1_D.uasset" 292
"E:/UnrealProjects/FinalProject/Content/InfinityBladeWeapons/Weapons/Blade/Swords/Blade_DragonSword/M_Blade_DragonSword.uasset" 293
"E:/UnrealProjects/FinalProject/Content/ThirdPersonCPP/Weapons/DragonSword_StaticMesh.uasset" 294
"../../../Engine/Content/Animation/DefaultAnimCurveCompressionSettings.uasset" 295
"../../../Engine/Content/Animation/DefaultAnimBoneCompressionSettings.uasset" 296
"E:/UnrealProjects/FinalProject/Content/ThirdPersonCPP/arissa_Skeleton.uasset" 297
"E:/UnrealProjects/FinalProject/Content/ThirdPersonCPP/Animations/Stable_Sword_Outward_Slash.uasset" 298
"E:/UnrealProjects/FinalProject/Content/ThirdPersonCPP/Animations/Stable_Sword_Inward_Slash.uasset" 299
"E:/UnrealProjects/FinalProject/Content/ThirdPersonCPP/Animations/SwordAttack_Montage.uasset" 300
"E:/UnrealProjects/FinalProject/Content/ThirdPersonCPP/Animations/Standing_React_Death_Forward.uasset" 301
"E:/UnrealProjects/FinalProject/Content/ThirdPersonCPP/Animations/StandingJumpingLoop.uasset" 302
"E:/UnrealProjects/FinalProject/Content/ThirdPersonCPP/Animations/StandingJumping.uasset" 303
"E:/UnrealProjects/FinalProject/Content/ThirdPersonCPP/Animations/Floating_loop_max.uasset" 304
"E:/UnrealProjects/FinalProject/Content/ThirdPersonCPP/Animations/Floating_loop.uasset" 305
"E:/UnrealProjects/FinalProject/Content/ThirdPersonCPP/Animations/Floating_02.uasset" 306
"E:/UnrealProjects/FinalProject/Content/ThirdPersonCPP/Animations/Fall_A_Land_To_Standing_Idle_01.uasset" 307
"E:/UnrealProjects/FinalProject/Content/ThirdPersonCPP/Animations/Jump.uasset" 308
"E:/UnrealProjects/FinalProject/Content/ThirdPersonCPP/Animations/Standing_Idle.uasset" 309
"E:/UnrealProjects/FinalProject/Content/ThirdPersonCPP/Animations/Standard_Walk.uasset" 310
"E:/UnrealProjects/FinalProject/Content/ThirdPersonCPP/Animations/Standard_Run.uasset" 311
"E:/UnrealProjects/FinalProject/Content/ThirdPersonCPP/Animations/Blendspace_Character.uasset" 312
"E:/UnrealProjects/FinalProject/Content/ThirdPersonCPP/Animations/BP_CharacterAnim.uasset" 313
"E:/UnrealProjects/FinalProject/Content/ThirdPersonCPP/arissa_PhysicsAsset.uasset" 314
"E:/UnrealProjects/FinalProject/Content/ThirdPersonCPP/Arissa_SPEC_specular.uasset" 315
"E:/UnrealProjects/FinalProject/Content/ThirdPersonCPP/Arissa_NM_normal.uasset" 316
"E:/UnrealProjects/FinalProject/Content/ThirdPersonCPP/Arissa_DIFF_diffuse.uasset" 317
"E:/UnrealProjects/FinalProject/Content/ThirdPersonCPP/Arissa_MAT_ncl1_1.uasset" 318
"E:/UnrealProjects/FinalProject/Content/ThirdPersonCPP/Arissa_MAT.uasset" 319
"E:/UnrealProjects/FinalProject/Content/ThirdPersonCPP/arissa.uasset" 320
"E:/UnrealProjects/FinalProject/Content/ThirdPersonCPP/Blueprints/ThirdPersonCharacter.uasset" 321
"../../../Engine/Content/EngineSky/T_Sky_Stars.uasset" 322
"../../../Engine/Content/EngineSky/T_Sky_Clouds_M.uasset" 323
"../../../Engine/Content/EngineSky/T_Sky_Blue.uasset" 324
"E:/UnrealProjects/FinalProject/Content/StarterContent/Textures/T_Smoke_Tiled_D.uasset" 325
"E:/UnrealProjects/FinalProject/Content/StarterContent/Textures/T_Smoke_SubUV.uasset" 326
"E:/UnrealProjects/FinalProject/Content/StarterContent/Particles/Materials/M_smoke_subUV.uasset" 327
"E:/UnrealProjects/FinalProject/Content/StarterContent/Particles/P_Steam_Lit.uasset" 328
"E:/UnrealProjects/FinalProject/Content/StarterContent/Architecture/Wall_Door_400x400.uasset" 329
"E:/UnrealProjects/FinalProject/Content/StarterContent/Architecture/Wall_400x400.uasset" 330
"E:/UnrealProjects/FinalProject/Content/Infinity_Blade_Assets/Textures/T_Statue01_N.uasset" 331
"E:/UnrealProjects/FinalProject/Content/Infinity_Blade_Assets/Textures/T_Statue01_D.uasset" 332
"E:/UnrealProjects/FinalProject/Content/Infinity_Blade_Assets/Materials/M_Statue01.uasset" 333
"E:/UnrealProjects/FinalProject/Content/Infinity_Blade_Assets/Textures/T_DamagedWall_NRM.uasset" 334
"E:/UnrealProjects/FinalProject/Content/Infinity_Blade_Assets/Textures/T_DamagedWall.uasset" 335
"E:/UnrealProjects/FinalProject/Content/Infinity_Blade_Assets/Materials/M_DamagedWall.uasset" 336
"E:/UnrealProjects/FinalProject/Content/Infinity_Blade_Assets/Meshes/Props/Statue01.uasset" 337
"E:/UnrealProjects/FinalProject/Content/Infinity_Blade_Assets/Textures/T_ArmorSets01_N.uasset" 338
"E:/UnrealProjects/FinalProject/Content/Infinity_Blade_Assets/Textures/T_ArmorSets01_D.uasset" 339
"E:/UnrealProjects/FinalProject/Content/Infinity_Blade_Assets/Materials/M_SkeletonArmor.uasset" 340
"E:/UnrealProjects/FinalProject/Content/Infinity_Blade_Assets/Meshes/Props/SkeletonTorso.uasset" 341
"E:/UnrealProjects/FinalProject/Content/Infinity_Blade_Assets/Meshes/Props/SkeletonHead.uasset" 342
"E:/UnrealProjects/FinalProject/Content/Infinity_Blade_Assets/Textures/T_Cage.uasset" 343
"E:/UnrealProjects/FinalProject/Content/Infinity_Blade_Assets/Materials/M_Cage.uasset" 344
"E:/UnrealProjects/FinalProject/Content/Infinity_Blade_Assets/Meshes/Props/Rancid_Cage.uasset" 345
"E:/UnrealProjects/FinalProject/Content/Infinity_Blade_Assets/Textures/T_Angel_Statue_N.uasset" 346
"E:/UnrealProjects/FinalProject/Content/Infinity_Blade_Assets/Textures/T_Angel_Statue_D.uasset" 347
"E:/UnrealProjects/FinalProject/Content/Infinity_Blade_Assets/Materials/M_AngelStatue.uasset" 348
"E:/UnrealProjects/FinalProject/Content/Infinity_Blade_Assets/Meshes/Props/AngelStatue_Broken.uasset" 349
"E:/UnrealProjects/FinalProject/Content/Infinity_Blade_Assets/Textures/T_AngelStatue02_N.uasset" 350
"E:/UnrealProjects/FinalProject/Content/Infinity_Blade_Assets/Textures/T_AngelStatue02_D.uasset" 351
"E:/UnrealProjects/FinalProject/Content/Infinity_Blade_Assets/Materials/M_AngelStatue02.uasset" 352
"E:/UnrealProjects/FinalProject/Content/Infinity_Blade_Assets/Meshes/Props/AngelStatue02.uasset" 353
"E:/UnrealProjects/FinalProject/Content/Infinity_Blade_Assets/Meshes/Props/AngelStatue.uasset" 354
"E:/UnrealProjects/FinalProject/Content/Infinity_Blade_Assets/Textures/T_CliffRockTile_01_N.uasset" 355
"E:/UnrealProjects/FinalProject/Content/Infinity_Blade_Assets/Textures/T_CastleRockTile_01_D.uasset" 356
"E:/UnrealProjects/FinalProject/Content/Infinity_Blade_Assets/Materials/M_CastleRock_01.uasset" 357
"../../../Engine/Content/EngineSky/M_Sky_Panning_Clouds2.uasset" 358
"../../../Engine/Content/EngineSky/SM_SkySphere.uasset" 359
"../../../Engine/Content/EngineSky/C_Sky_Zenith_Color.uasset" 360
"../../../Engine/Content/EngineSky/C_Sky_Horizon_Color.uasset" 361
"../../../Engine/Content/EngineSky/C_Sky_Cloud_Color.uasset" 362
"../../../Engine/Content/EditorBlueprintResources/StandardMacros.uasset" 363
"../../../Engine/Content/EngineSky/BP_Sky_Sphere.uasset" 364
"E:/UnrealProjects/FinalProject/Content/Infinity_Blade_Assets/Textures/T_Base_Tile_DetailNormal.uasset" 365
"E:/UnrealProjects/FinalProject/Content/Infinity_Blade_Assets/Textures/T_UN_Terrain_SandGrass_01.uasset" 366
"E:/UnrealProjects/FinalProject/Content/Infinity_Blade_Assets/Textures/T_UN_Terrain_Grass_03_D.uasset" 367
"E:/UnrealProjects/FinalProject/Content/Infinity_Blade_Assets/Textures/T_UN_Rock_SM_Cliffs01_N.uasset" 368
"E:/UnrealProjects/FinalProject/Content/Infinity_Blade_Assets/Textures/T_UN_Rock2_BSP_Rock05.uasset" 369
"E:/UnrealProjects/FinalProject/Content/Infinity_Blade_Assets/Textures/T_UN_Floors_BrickGrass_01_BlendMask.uasset" 370
"E:/UnrealProjects/FinalProject/Content/Infinity_Blade_Assets/Materials/M_UN_Rock_SM_Cliffs01_Master.uasset" 371
"E:/UnrealProjects/FinalProject/Content/Infinity_Blade_Assets/Meshes/Props/SM_CliffsTop_BC.uasset" 372
"E:/UnrealProjects/FinalProject/Content/Infinity_Blade_Assets/Meshes/Props/SM_CastleRock_06.uasset" 373
"E:/UnrealProjects/FinalProject/Content/Infinity_Blade_Assets/Meshes/Props/SM_CastleRock_05.uasset" 374
"E:/UnrealProjects/FinalProject/Content/Infinity_Blade_Assets/Meshes/Props/SM_CastleRock_01.uasset" 375
"E:/UnrealProjects/FinalProject/Content/InfinityBladeFireLands/Environments/Fire/Env_Fire_Rocky/Textures/T_Ice_Fort_Trim_1_N.uasset" 376
"E:/UnrealProjects/FinalProject/Content/InfinityBladeFireLands/Environments/Fire/Env_Fire_Rocky/Textures/T_Fire_Trim_D.uasset" 377
"E:/UnrealProjects/FinalProject/Content/InfinityBladeFireLands/Environments/Fire/Env_Fire_Rocky/Materials/M_Fire_Fort_Trim_1.uasset" 378
"E:/UnrealProjects/FinalProject/Content/InfinityBladeFireLands/Environments/Fire/Env_Fire_Rocky/Textures/T_Ice_Fort_Pillar_1_N.uasset" 379
"E:/UnrealProjects/FinalProject/Content/InfinityBladeFireLands/Environments/Fire/Env_Fire_Rocky/Textures/T_Fire_Pillar_M.uasset" 380
"E:/UnrealProjects/FinalProject/Content/InfinityBladeFireLands/Environments/Fire/Env_Fire_Rocky/Textures/T_Fire_Pillar_D.uasset" 381
"E:/UnrealProjects/FinalProject/Content/InfinityBladeFireLands/Environments/Fire/Env_Fire_Rocky/Materials/M_Env_Fire_Pillar_1.uasset" 382
"E:/UnrealProjects/FinalProject/Content/InfinityBladeFireLands/Environments/Fire/Env_Fire_Rocky/StaticMesh/SM_Fire_Wing_Arch.uasset" 383
"E:/UnrealProjects/FinalProject/Content/InfinityBladeFireLands/Environments/Fire/Env_Fire_Rocky/Textures/T_Fire_Treestump_1_E.uasset" 384
"E:/UnrealProjects/FinalProject/Content/InfinityBladeFireLands/Environments/Fire/Env_Fire_Rocky/Textures/T_Fire_Tree_Stump_1_N.uasset" 385
"E:/UnrealProjects/FinalProject/Content/InfinityBladeFireLands/Environments/Fire/Env_Fire_Rocky/Textures/T_Fire_Tree_Stump_1_D.uasset" 386
"E:/UnrealProjects/FinalProject/Content/InfinityBladeFireLands/Environments/Fire/Env_Fire_Terrain2/Textures/T_Fire_Lava.uasset" 387
"E:/UnrealProjects/FinalProject/Content/InfinityBladeFireLands/Environments/Fire/Env_Fire_Rocky/Materials/M_Fire_Tree_Stump_glow.uasset" 388
"E:/UnrealProjects/FinalProject/Content/InfinityBladeFireLands/Environments/Fire/Env_Fire_Rocky/StaticMesh/SM_Fire_Stump_2.uasset" 389
"E:/UnrealProjects/FinalProject/Content/InfinityBladeFireLands/Environments/Fire/Env_Fire_Rocky/Textures/T_Fire_Cliffs_TilingCliffWall_N.uasset" 390
"E:/UnrealProjects/FinalProject/Content/InfinityBladeFireLands/Environments/Fire/Env_Fire_Rocky/Textures/T_Fire_Cliffs_TilingCliffWall_D.uasset" 391
"E:/UnrealProjects/FinalProject/Content/InfinityBladeFireLands/Environments/Fire/Env_Fire_Rocky/Materials/M_Env_Fire_Cliffs_TilingCliffWall.uasset" 392
"E:/UnrealProjects/FinalProject/Content/InfinityBladeFireLands/Environments/Fire/Env_Fire_Rocky/StaticMesh/SM_Env_Fire_Cliffs_CliffWall_02a.uasset" 393
"E:/UnrealProjects/FinalProject/Content/InfinityBladeFireLands/Environments/Fire/Env_Fire_Rocky/StaticMesh/SM_Env_Fire_Cliffs_CliffWall_01a.uasset" 394
"E:/UnrealProjects/FinalProject/Content/InfinityBladeFireLands/Environments/Fire/Env_Fire_Engines/Textures/T_Fire_GrimStatue2_N.uasset" 395
"E:/UnrealProjects/FinalProject/Content/InfinityBladeFireLands/Environments/Fire/Env_Fire_Engines/Textures/T_Fire_GrimStatue2_E.uasset" 396
"E:/UnrealProjects/FinalProject/Content/InfinityBladeFireLands/Environments/Fire/Env_Fire_Engines/Textures/T_Fire_GrimStatue2_D.uasset" 397
"E:/UnrealProjects/FinalProject/Content/InfinityBladeFireLands/Environments/Fire/Env_Fire_Engines/Materials/M_Env_Fire_GrimStatue_glow.uasset" 398
"E:/UnrealProjects/FinalProject/Content/InfinityBladeFireLands/Environments/Fire/Env_Fire_Engines/Textures/T_Fire_GrimStatue1_N.uasset" 399
"E:/UnrealProjects/FinalProject/Content/InfinityBladeFireLands/Environments/Fire/Env_Fire_Engines/Textures/T_Fire_GrimStatue1_D.uasset" 400
"E:/UnrealProjects/FinalProject/Content/InfinityBladeFireLands/Environments/Fire/Env_Fire_Engines/Materials/M_Env_Fire_GrimStatue.uasset" 401
"E:/UnrealProjects/FinalProject/Content/InfinityBladeFireLands/Environments/Fire/Env_Fire_Engines/StaticMesh/SM_Fire_GrimStatue001.uasset" 402
"E:/UnrealProjects/FinalProject/Content/InfinityBladeFireLands/Environments/Fire/Env_Fire_FlameDungeon/Textures/T_FlameDungeon_Wall02_N.uasset" 403
"E:/UnrealProjects/FinalProject/Content/InfinityBladeFireLands/Environments/Fire/Env_Fire_FlameDungeon/Textures/T_FlameDungeon_Wall02_D.uasset" 404
"E:/UnrealProjects/FinalProject/Content/InfinityBladeFireLands/Environments/Fire/Env_Fire_FlameDungeon/Materials/M_FlameDungeon_Wall02.uasset" 405
"E:/UnrealProjects/FinalProject/Content/InfinityBladeFireLands/Environments/Fire/Env_Fire_FlameDungeon/StaticMesh/Background/SM_Background_Bridge01.uasset" 406
"E:/UnrealProjects/FinalProject/Content/InfinityBladeEffects/Effects/FX_Textures/Fire/T_Fire_subUV_6X6.uasset" 407
"E:/UnrealProjects/FinalProject/Content/InfinityBladeEffects/Effects/Masters/M_Add_Sprite_SubUV_Master.uasset" 408
"E:/UnrealProjects/FinalProject/Content/InfinityBladeEffects/Effects/FX_Materials/Fire/M_Fire_01_Add_6X6_INST.uasset" 409
"E:/UnrealProjects/FinalProject/Content/InfinityBladeEffects/Effects/FX_Textures/Gradient/FX_Glow_12alpha.uasset" 410
"E:/UnrealProjects/FinalProject/Content/InfinityBladeEffects/Effects/FX_Materials/Gradient/M_Flare_09_Inst.uasset" 411
"E:/UnrealProjects/FinalProject/Content/InfinityBladeEffects/Effects/FX_Textures/Spark/T_Sparks_03_SubUV_1_4.uasset" 412
"E:/UnrealProjects/FinalProject/Content/InfinityBladeEffects/Effects/FX_Materials/Spark/M_Spark_03_1_4_INST.uasset" 413
"E:/UnrealProjects/FinalProject/Content/InfinityBladeEffects/Effects/FX_Ambient/Fire/P_Env_Fire_Grate_01.uasset" 414
"E:/UnrealProjects/FinalProject/Content/FinalProject/Blueprints/Activables/BP_Gate.uasset" 415
"E:/UnrealProjects/FinalProject/Content/StarterContent/Textures/T_Frame_N.uasset" 416
"E:/UnrealProjects/FinalProject/Content/StarterContent/Textures/T_Frame_M.uasset" 417
"E:/UnrealProjects/FinalProject/Content/StarterContent/Props/Materials/M_Frame.uasset" 418
"E:/UnrealProjects/FinalProject/Content/StarterContent/Props/SM_DoorFrame.uasset" 419
"E:/UnrealProjects/FinalProject/Content/StarterContent/Textures/T_Metal_Rust_D.uasset" 420
"E:/UnrealProjects/FinalProject/Content/StarterContent/Textures/T_Metal_Rust_N.uasset" 421
"../../../Engine/Content/Functions/Engine_MaterialFunctions02/Utility/BlendAngleCorrectedNormals.uasset" 422
"E:/UnrealProjects/FinalProject/Content/StarterContent/Materials/M_Metal_Rust.uasset" 423
"E:/UnrealProjects/FinalProject/Content/FinalProject/Blueprints/Activables/BP_BarsDoor.uasset" 424
"E:/UnrealProjects/FinalProject/Content/StarterContent/Props/SM_WindowFrame.uasset" 425
"../../../Engine/Content/MapTemplates/Sky/DaylightAmbientCubemap.uasset" 426
"E:/UnrealProjects/FinalProject/Content/StarterContent/Blueprints/Assets/M_LightStage_Skybox_Master.uasset" 427
"E:/UnrealProjects/FinalProject/Content/StarterContent/Blueprints/Assets/M_LightStage_Skybox_Black.uasset" 428
"E:/UnrealProjects/FinalProject/Content/StarterContent/Textures/T_Metal_Copper_D.uasset" 429
"E:/UnrealProjects/FinalProject/Content/StarterContent/Materials/M_Metal_Copper.uasset" 430
"E:/UnrealProjects/FinalProject/Content/StarterContent/Textures/T_Metal_Steel_N.uasset" 431
"E:/UnrealProjects/FinalProject/Content/StarterContent/Textures/T_Metal_Steel_D.uasset" 432
"E:/UnrealProjects/FinalProject/Content/StarterContent/Materials/M_Metal_Steel.uasset" 433
"E:/UnrealProjects/FinalProject/Content/FinalProject/Blueprints/Activables/BP_Lever.uasset" 434
"E:/UnrealProjects/FinalProject/Content/StarterContent/Textures/T_Fire_Tiled_D.uasset" 435
"E:/UnrealProjects/FinalProject/Content/StarterContent/Textures/T_Rock_Basalt_N.uasset" 436
"E:/UnrealProjects/FinalProject/Content/ExamenParcial/Materials/Lava_M.uasset" 437
"../../../Engine/Content/BasicShapes/Cube.uasset" 438
"E:/UnrealProjects/FinalProject/Content/FinalProject/Blueprints/Activables/BP_ActivablePilar.uasset" 439
"E:/UnrealProjects/FinalProject/Content/ThirdPersonCPP/Maps/ThirdPersonExampleMap.umap" 440
"../../../Engine/Content/Maps/Entry_BuiltData.uasset" 441
"../../../Engine/Content/Maps/Entry.umap" 442
